This file contains any messages produced by compilers while
running configure, to aid debugging if configure makes a mistake.

It was created by libsecp256k1 configure 0.1, which was
generated by GNU Autoconf 2.68.  Invocation command line was

  $ ./configure --disable-option-checking --prefix=/usr/local --disable-upnp-default --disable-tests --with-qt-incdir=/c/Qt/4.8.7/include --with-qt-libdir=/c/Qt/4.8.7/lib --with-qt-plugindir=/c/Qt/4.8.7/plugins --with-qt-bindir=/c/Qt/4.8.7/bin --with-protoc-bindir=/c/Libraries/protobuf-2.6.1/src LDFLAGS=-Wl,-Bstatic -L/c/Libraries/db-4.8.30.NC/build_unix -L/c/Libraries/openssl-1.0.1l -L/c/Libraries/miniupnpc -L/c/Libraries/protobuf-2.6.1/src/.libs -L/c/Libraries/libpng-1.6.16/.libs -L/c/Libraries/qrencode-3.4.4/.libs CPPFLAGS=-static-libgcc -static-libstdc++ -static -I/c/Libraries/db-4.8.30.NC/build_unix -I/c/Libraries/openssl-1.0.1l/include -I/c/Libraries/protobuf-2.6.1/src -I/c/Libraries/libpng-1.6.16 -I/c/Libraries/qrencode-3.4.4  --disable-shared --with-pic --cache-file=/dev/null --srcdir=.

## --------- ##
## Platform. ##
## --------- ##

hostname = buildhost0
uname -m = i686
uname -r = 1.0.19(0.48/3/2)
uname -s = MINGW32_NT-6.1
uname -v = 2016-07-13 17:45

/usr/bin/uname -p = unknown
/bin/uname -X     = unknown

/bin/arch              = unknown
/usr/bin/arch -k       = unknown
/usr/convex/getsysinfo = unknown
/usr/bin/hostinfo      = unknown
/bin/machine           = unknown
/usr/bin/oslevel       = unknown
/bin/universe          = unknown

PATH: .
PATH: /usr/local/bin
PATH: /mingw/bin
PATH: /bin
PATH: /c/MinGW32/bin
PATH: /c/Windows/system32
PATH: /c/Windows
PATH: /c/Windows/System32/Wbem
PATH: /c/Windows/System32/WindowsPowerShell/v1.0/
PATH: /c/Program Files/Git/cmd


## ----------- ##
## Core tests. ##
## ----------- ##

configure:2337: checking build system type
configure:2351: result: i686-pc-mingw32
configure:2371: checking host system type
configure:2384: result: i686-pc-mingw32
configure:2423: checking for a BSD-compatible install
configure:2491: result: /bin/install -c
configure:2502: checking whether build environment is sane
configure:2552: result: yes
configure:2693: checking for a thread-safe mkdir -p
configure:2732: result: /bin/mkdir -p
configure:2745: checking for gawk
configure:2761: found /bin/gawk
configure:2772: result: gawk
configure:2783: checking whether make sets $(MAKE)
configure:2805: result: yes
configure:2931: checking how to print strings
configure:2958: result: printf
configure:2991: checking for style of include used by make
configure:3019: result: GNU
configure:3089: checking for gcc
configure:3105: found /c/MinGW32/bin/gcc
configure:3116: result: gcc
configure:3345: checking for C compiler version
configure:3354: gcc --version >&5
gcc.exe (i686-posix-dwarf-rev1, Built by MinGW-W64 project) 4.9.2
Copyright (C) 2014 Free Software Foundation, Inc.
This is free software; see the source for copying conditions.  There is NO
warranty; not even for MERCHANTABILITY or FITNESS FOR A PARTICULAR PURPOSE.

configure:3365: $? = 0
configure:3354: gcc -v >&5
Using built-in specs.
COLLECT_GCC=c:\MinGW32\bin\gcc.exe
COLLECT_LTO_WRAPPER=c:/MinGW32/bin/../libexec/gcc/i686-w64-mingw32/4.9.2/lto-wrapper.exe
Target: i686-w64-mingw32
Configured with: ../../../src/gcc-4.9.2/configure --host=i686-w64-mingw32 --build=i686-w64-mingw32 --target=i686-w64-mingw32 --prefix=/mingw32 --with-sysroot=/c/mingw492/i686-492-posix-dwarf-rt_v3-rev1/mingw32 --with-gxx-include-dir=/mingw32/i686-w64-mingw32/include/c++ --enable-shared --enable-static --disable-multilib --enable-languages=ada,c,c++,fortran,objc,obj-c++,lto --enable-libstdcxx-time=yes --enable-threads=posix --enable-libgomp --enable-libatomic --enable-lto --enable-graphite --enable-checking=release --enable-fully-dynamic-string --enable-version-specific-runtime-libs --disable-sjlj-exceptions --with-dwarf2 --disable-isl-version-check --disable-cloog-version-check --disable-libstdcxx-pch --disable-libstdcxx-debug --enable-bootstrap --disable-rpath --disable-win32-registry --disable-nls --disable-werror --disable-symvers --with-gnu-as --with-gnu-ld --with-arch=i686 --with-tune=generic --with-libiconv --with-system-zlib --with-gmp=/c/mingw492/prerequisites/i686-w64-mingw32-static --with-mpfr=/c/mingw492/prerequisites/i686-w64-mingw32-static --with-mpc=/c/mingw492/prerequisites/i686-w64-mingw32-static --with-isl=/c/mingw492/prerequisites/i686-w64-mingw32-static --with-cloog=/c/mingw492/prerequisites/i686-w64-mingw32-static --enable-cloog-backend=isl --with-pkgversion='i686-posix-dwarf-rev1, Built by MinGW-W64 project' --with-bugurl=http://sourceforge.net/projects/mingw-w64 CFLAGS='-O2 -pipe -I/c/mingw492/i686-492-posix-dwarf-rt_v3-rev1/mingw32/opt/include -I/c/mingw492/prerequisites/i686-zlib-static/include -I/c/mingw492/prerequisites/i686-w64-mingw32-static/include' CXXFLAGS='-O2 -pipe -I/c/mingw492/i686-492-posix-dwarf-rt_v3-rev1/mingw32/opt/include -I/c/mingw492/prerequisites/i686-zlib-static/include -I/c/mingw492/prerequisites/i686-w64-mingw32-static/include' CPPFLAGS= LDFLAGS='-pipe -L/c/mingw492/i686-492-posix-dwarf-rt_v3-rev1/mingw32/opt/lib -L/c/mingw492/prerequisites/i686-zlib-static/lib -L/c/mingw492/prerequisites/i686-w64-mingw32-static/lib -Wl,--large-address-aware'
Thread model: posix
gcc version 4.9.2 (i686-posix-dwarf-rev1, Built by MinGW-W64 project) 
configure:3365: $? = 0
configure:3354: gcc -V >&5
gcc.exe: error: unrecognized command line option '-V'
gcc.exe: fatal error: no input files
compilation terminated.
configure:3365: $? = 1
configure:3354: gcc -qversion >&5
gcc.exe: error: unrecognized command line option '-qversion'
gcc.exe: fatal error: no input files
compilation terminated.
configure:3365: $? = 1
configure:3385: checking whether the C compiler works
configure:3407: gcc  -static-libgcc -static-libstdc++ -static -I/c/Libraries/db-4.8.30.NC/build_unix -I/c/Libraries/openssl-1.0.1l/include -I/c/Libraries/protobuf-2.6.1/src -I/c/Libraries/libpng-1.6.16 -I/c/Libraries/qrencode-3.4.4  -Wl,-Bstatic -L/c/Libraries/db-4.8.30.NC/build_unix -L/c/Libraries/openssl-1.0.1l -L/c/Libraries/miniupnpc -L/c/Libraries/protobuf-2.6.1/src/.libs -L/c/Libraries/libpng-1.6.16/.libs -L/c/Libraries/qrencode-3.4.4/.libs conftest.c  >&5
configure:3411: $? = 0
configure:3459: result: yes
configure:3462: checking for C compiler default output file name
configure:3464: result: a.exe
configure:3470: checking for suffix of executables
configure:3477: gcc -o conftest.exe  -static-libgcc -static-libstdc++ -static -I/c/Libraries/db-4.8.30.NC/build_unix -I/c/Libraries/openssl-1.0.1l/include -I/c/Libraries/protobuf-2.6.1/src -I/c/Libraries/libpng-1.6.16 -I/c/Libraries/qrencode-3.4.4  -Wl,-Bstatic -L/c/Libraries/db-4.8.30.NC/build_unix -L/c/Libraries/openssl-1.0.1l -L/c/Libraries/miniupnpc -L/c/Libraries/protobuf-2.6.1/src/.libs -L/c/Libraries/libpng-1.6.16/.libs -L/c/Libraries/qrencode-3.4.4/.libs conftest.c  >&5
configure:3481: $? = 0
configure:3503: result: .exe
configure:3525: checking whether we are cross compiling
configure:3533: gcc -o conftest.exe  -static-libgcc -static-libstdc++ -static -I/c/Libraries/db-4.8.30.NC/build_unix -I/c/Libraries/openssl-1.0.1l/include -I/c/Libraries/protobuf-2.6.1/src -I/c/Libraries/libpng-1.6.16 -I/c/Libraries/qrencode-3.4.4  -Wl,-Bstatic -L/c/Libraries/db-4.8.30.NC/build_unix -L/c/Libraries/openssl-1.0.1l -L/c/Libraries/miniupnpc -L/c/Libraries/protobuf-2.6.1/src/.libs -L/c/Libraries/libpng-1.6.16/.libs -L/c/Libraries/qrencode-3.4.4/.libs conftest.c  >&5
configure:3537: $? = 0
configure:3544: ./conftest.exe
configure:3548: $? = 0
configure:3563: result: no
configure:3568: checking for suffix of object files
configure:3590: gcc -c  -static-libgcc -static-libstdc++ -static -I/c/Libraries/db-4.8.30.NC/build_unix -I/c/Libraries/openssl-1.0.1l/include -I/c/Libraries/protobuf-2.6.1/src -I/c/Libraries/libpng-1.6.16 -I/c/Libraries/qrencode-3.4.4  conftest.c >&5
configure:3594: $? = 0
configure:3615: result: o
configure:3619: checking whether we are using the GNU C compiler
configure:3638: gcc -c  -static-libgcc -static-libstdc++ -static -I/c/Libraries/db-4.8.30.NC/build_unix -I/c/Libraries/openssl-1.0.1l/include -I/c/Libraries/protobuf-2.6.1/src -I/c/Libraries/libpng-1.6.16 -I/c/Libraries/qrencode-3.4.4  conftest.c >&5
configure:3638: $? = 0
configure:3647: result: yes
configure:3656: checking whether gcc accepts -g
configure:3676: gcc -c -g -static-libgcc -static-libstdc++ -static -I/c/Libraries/db-4.8.30.NC/build_unix -I/c/Libraries/openssl-1.0.1l/include -I/c/Libraries/protobuf-2.6.1/src -I/c/Libraries/libpng-1.6.16 -I/c/Libraries/qrencode-3.4.4  conftest.c >&5
configure:3676: $? = 0
configure:3717: result: yes
configure:3734: checking for gcc option to accept ISO C89
configure:3798: gcc  -c -g -O2 -static-libgcc -static-libstdc++ -static -I/c/Libraries/db-4.8.30.NC/build_unix -I/c/Libraries/openssl-1.0.1l/include -I/c/Libraries/protobuf-2.6.1/src -I/c/Libraries/libpng-1.6.16 -I/c/Libraries/qrencode-3.4.4  conftest.c >&5
configure:3798: $? = 0
configure:3811: result: none needed
configure:3833: checking dependency style of gcc
configure:3943: result: gcc3
configure:3958: checking for a sed that does not truncate output
configure:4022: result: /bin/sed
configure:4040: checking for grep that handles long lines and -e
configure:4098: result: /bin/grep
configure:4103: checking for egrep
configure:4165: result: /bin/grep -E
configure:4170: checking for fgrep
configure:4232: result: /bin/grep -F
configure:4267: checking for ld used by gcc
configure:4334: result: c:/MinGW32/i686-w64-mingw32/bin/ld.exe
configure:4341: checking if the linker (c:/MinGW32/i686-w64-mingw32/bin/ld.exe) is GNU ld
configure:4356: result: yes
configure:4368: checking for BSD- or MS-compatible name lister (nm)
configure:4417: result: /c/MinGW32/bin/nm
configure:4547: checking the name lister (/c/MinGW32/bin/nm) interface
configure:4554: gcc -c -g -O2 -static-libgcc -static-libstdc++ -static -I/c/Libraries/db-4.8.30.NC/build_unix -I/c/Libraries/openssl-1.0.1l/include -I/c/Libraries/protobuf-2.6.1/src -I/c/Libraries/libpng-1.6.16 -I/c/Libraries/qrencode-3.4.4  conftest.c >&5
configure:4557: /c/MinGW32/bin/nm "conftest.o"
configure:4560: output
00000000 b .bss
00000000 d .data
00000000 N .debug_abbrev
00000000 N .debug_aranges
00000000 N .debug_info
00000000 N .debug_line
00000000 r .rdata$zzz
00000000 t .text
00000000 B _some_variable
configure:4567: result: BSD nm
configure:4570: checking whether ln -s works
configure:4577: result: no, using cp -p
configure:4582: checking the maximum length of command line arguments
configure:4707: result: 8192
configure:4724: checking whether the shell understands some XSI constructs
configure:4734: result: yes
configure:4738: checking whether the shell understands "+="
configure:4744: result: yes
configure:4779: checking how to convert i686-pc-mingw32 file names to i686-pc-mingw32 format
configure:4841: result: func_convert_file_msys_to_w32
configure:4848: checking how to convert i686-pc-mingw32 file names to toolchain format
configure:4868: result: func_convert_file_msys_to_w32
configure:4875: checking for c:/MinGW32/i686-w64-mingw32/bin/ld.exe option to reload object files
configure:4882: result: -r
configure:4956: checking for objdump
configure:4972: found /c/MinGW32/bin/objdump
configure:4983: result: objdump
configure:5015: checking how to recognize dependent libraries
configure:5217: result: file_magic file format (pei*-i386(.*architecture: i386)?|pe-arm-wince|pe-x86-64)
configure:5302: checking for dlltool
configure:5318: found /c/MinGW32/bin/dlltool
configure:5329: result: dlltool
configure:5362: checking how to associate runtime and link libraries
configure:5389: result: func_cygming_dll_for_implib
configure:5450: checking for ar
configure:5466: found /c/MinGW32/bin/ar
configure:5477: result: ar
configure:5514: checking for archiver @FILE support
configure:5531: gcc -c -g -O2 -static-libgcc -static-libstdc++ -static -I/c/Libraries/db-4.8.30.NC/build_unix -I/c/Libraries/openssl-1.0.1l/include -I/c/Libraries/protobuf-2.6.1/src -I/c/Libraries/libpng-1.6.16 -I/c/Libraries/qrencode-3.4.4  conftest.c >&5
configure:5531: $? = 0
configure:5534: ar cru libconftest.a @conftest.lst >&5
configure:5537: $? = 0
configure:5542: ar cru libconftest.a @conftest.lst >&5
c:\MinGW32\bin\ar.exe: conftest.o: No such file or directory
configure:5545: $? = 1
configure:5557: result: @
configure:5615: checking for strip
configure:5631: found /c/MinGW32/bin/strip
configure:5642: result: strip
configure:5714: checking for ranlib
configure:5730: found /c/MinGW32/bin/ranlib
configure:5741: result: ranlib
configure:5843: checking command to parse /c/MinGW32/bin/nm output from gcc object
configure:5962: gcc -c -g -O2 -static-libgcc -static-libstdc++ -static -I/c/Libraries/db-4.8.30.NC/build_unix -I/c/Libraries/openssl-1.0.1l/include -I/c/Libraries/protobuf-2.6.1/src -I/c/Libraries/libpng-1.6.16 -I/c/Libraries/qrencode-3.4.4  conftest.c >&5
configure:5965: $? = 0
configure:5969: /c/MinGW32/bin/nm conftest.o \| sed -n -e 's/^.*[ ]\([ABCDGIRSTW][ABCDGIRSTW]*\)[ ][ ]*\([_A-Za-z][_A-Za-z0-9]*\)\{0,1\}$/\1 \2 \2/p' | sed '/ __gnu_lto/d' \> conftest.nm
configure:5972: $? = 0
cannot find nm_test_var in conftest.nm
configure:5962: gcc -c -g -O2 -static-libgcc -static-libstdc++ -static -I/c/Libraries/db-4.8.30.NC/build_unix -I/c/Libraries/openssl-1.0.1l/include -I/c/Libraries/protobuf-2.6.1/src -I/c/Libraries/libpng-1.6.16 -I/c/Libraries/qrencode-3.4.4  conftest.c >&5
configure:5965: $? = 0
configure:5969: /c/MinGW32/bin/nm conftest.o \| sed -n -e 's/^.*[ ]\([ABCDGIRSTW][ABCDGIRSTW]*\)[ ][ ]*_\([_A-Za-z][_A-Za-z0-9]*\)\{0,1\}$/\1 _\2 \2/p' | sed '/ __gnu_lto/d' \> conftest.nm
configure:5972: $? = 0
configure:6038: gcc -o conftest.exe -g -O2 -static-libgcc -static-libstdc++ -static -I/c/Libraries/db-4.8.30.NC/build_unix -I/c/Libraries/openssl-1.0.1l/include -I/c/Libraries/protobuf-2.6.1/src -I/c/Libraries/libpng-1.6.16 -I/c/Libraries/qrencode-3.4.4  -Wl,-Bstatic -L/c/Libraries/db-4.8.30.NC/build_unix -L/c/Libraries/openssl-1.0.1l -L/c/Libraries/miniupnpc -L/c/Libraries/protobuf-2.6.1/src/.libs -L/c/Libraries/libpng-1.6.16/.libs -L/c/Libraries/qrencode-3.4.4/.libs conftest.c conftstm.o >&5
configure:6041: $? = 0
configure:6079: result: ok
configure:6116: checking for sysroot
configure:6146: result: no
configure:6389: checking for mt
configure:6419: result: no
configure:6439: checking if : is a manifest tool
configure:6445: : '-?'
configure:6453: result: no
configure:7085: checking how to run the C preprocessor
configure:7116: gcc -E -static-libgcc -static-libstdc++ -static -I/c/Libraries/db-4.8.30.NC/build_unix -I/c/Libraries/openssl-1.0.1l/include -I/c/Libraries/protobuf-2.6.1/src -I/c/Libraries/libpng-1.6.16 -I/c/Libraries/qrencode-3.4.4  conftest.c
configure:7116: $? = 0
configure:7130: gcc -E -static-libgcc -static-libstdc++ -static -I/c/Libraries/db-4.8.30.NC/build_unix -I/c/Libraries/openssl-1.0.1l/include -I/c/Libraries/protobuf-2.6.1/src -I/c/Libraries/libpng-1.6.16 -I/c/Libraries/qrencode-3.4.4  conftest.c
conftest.c:11:28: fatal error: ac_nonexistent.h: No such file or directory
 #include <ac_nonexistent.h>
                            ^
compilation terminated.
configure:7130: $? = 1
configure: failed program was:
| /* confdefs.h */
| #define PACKAGE_NAME "libsecp256k1"
| #define PACKAGE_TARNAME "libsecp256k1"
| #define PACKAGE_VERSION "0.1"
| #define PACKAGE_STRING "libsecp256k1 0.1"
| #define PACKAGE_BUGREPORT ""
| #define PACKAGE_URL ""
| #define PACKAGE "libsecp256k1"
| #define VERSION "0.1"
| /* end confdefs.h.  */
| #include <ac_nonexistent.h>
configure:7155: result: gcc -E
configure:7175: gcc -E -static-libgcc -static-libstdc++ -static -I/c/Libraries/db-4.8.30.NC/build_unix -I/c/Libraries/openssl-1.0.1l/include -I/c/Libraries/protobuf-2.6.1/src -I/c/Libraries/libpng-1.6.16 -I/c/Libraries/qrencode-3.4.4  conftest.c
configure:7175: $? = 0
configure:7189: gcc -E -static-libgcc -static-libstdc++ -static -I/c/Libraries/db-4.8.30.NC/build_unix -I/c/Libraries/openssl-1.0.1l/include -I/c/Libraries/protobuf-2.6.1/src -I/c/Libraries/libpng-1.6.16 -I/c/Libraries/qrencode-3.4.4  conftest.c
conftest.c:11:28: fatal error: ac_nonexistent.h: No such file or directory
 #include <ac_nonexistent.h>
                            ^
compilation terminated.
configure:7189: $? = 1
configure: failed program was:
| /* confdefs.h */
| #define PACKAGE_NAME "libsecp256k1"
| #define PACKAGE_TARNAME "libsecp256k1"
| #define PACKAGE_VERSION "0.1"
| #define PACKAGE_STRING "libsecp256k1 0.1"
| #define PACKAGE_BUGREPORT ""
| #define PACKAGE_URL ""
| #define PACKAGE "libsecp256k1"
| #define VERSION "0.1"
| /* end confdefs.h.  */
| #include <ac_nonexistent.h>
configure:7218: checking for ANSI C header files
configure:7238: gcc -c -g -O2 -static-libgcc -static-libstdc++ -static -I/c/Libraries/db-4.8.30.NC/build_unix -I/c/Libraries/openssl-1.0.1l/include -I/c/Libraries/protobuf-2.6.1/src -I/c/Libraries/libpng-1.6.16 -I/c/Libraries/qrencode-3.4.4  conftest.c >&5
configure:7238: $? = 0
configure:7311: gcc -o conftest.exe -g -O2 -static-libgcc -static-libstdc++ -static -I/c/Libraries/db-4.8.30.NC/build_unix -I/c/Libraries/openssl-1.0.1l/include -I/c/Libraries/protobuf-2.6.1/src -I/c/Libraries/libpng-1.6.16 -I/c/Libraries/qrencode-3.4.4  -Wl,-Bstatic -L/c/Libraries/db-4.8.30.NC/build_unix -L/c/Libraries/openssl-1.0.1l -L/c/Libraries/miniupnpc -L/c/Libraries/protobuf-2.6.1/src/.libs -L/c/Libraries/libpng-1.6.16/.libs -L/c/Libraries/qrencode-3.4.4/.libs conftest.c  >&5
configure:7311: $? = 0
configure:7311: ./conftest.exe
configure:7311: $? = 0
configure:7322: result: yes
configure:7335: checking for sys/types.h
configure:7335: gcc -c -g -O2 -static-libgcc -static-libstdc++ -static -I/c/Libraries/db-4.8.30.NC/build_unix -I/c/Libraries/openssl-1.0.1l/include -I/c/Libraries/protobuf-2.6.1/src -I/c/Libraries/libpng-1.6.16 -I/c/Libraries/qrencode-3.4.4  conftest.c >&5
configure:7335: $? = 0
configure:7335: result: yes
configure:7335: checking for sys/stat.h
configure:7335: gcc -c -g -O2 -static-libgcc -static-libstdc++ -static -I/c/Libraries/db-4.8.30.NC/build_unix -I/c/Libraries/openssl-1.0.1l/include -I/c/Libraries/protobuf-2.6.1/src -I/c/Libraries/libpng-1.6.16 -I/c/Libraries/qrencode-3.4.4  conftest.c >&5
configure:7335: $? = 0
configure:7335: result: yes
configure:7335: checking for stdlib.h
configure:7335: gcc -c -g -O2 -static-libgcc -static-libstdc++ -static -I/c/Libraries/db-4.8.30.NC/build_unix -I/c/Libraries/openssl-1.0.1l/include -I/c/Libraries/protobuf-2.6.1/src -I/c/Libraries/libpng-1.6.16 -I/c/Libraries/qrencode-3.4.4  conftest.c >&5
configure:7335: $? = 0
configure:7335: result: yes
configure:7335: checking for string.h
configure:7335: gcc -c -g -O2 -static-libgcc -static-libstdc++ -static -I/c/Libraries/db-4.8.30.NC/build_unix -I/c/Libraries/openssl-1.0.1l/include -I/c/Libraries/protobuf-2.6.1/src -I/c/Libraries/libpng-1.6.16 -I/c/Libraries/qrencode-3.4.4  conftest.c >&5
configure:7335: $? = 0
configure:7335: result: yes
configure:7335: checking for memory.h
configure:7335: gcc -c -g -O2 -static-libgcc -static-libstdc++ -static -I/c/Libraries/db-4.8.30.NC/build_unix -I/c/Libraries/openssl-1.0.1l/include -I/c/Libraries/protobuf-2.6.1/src -I/c/Libraries/libpng-1.6.16 -I/c/Libraries/qrencode-3.4.4  conftest.c >&5
configure:7335: $? = 0
configure:7335: result: yes
configure:7335: checking for strings.h
configure:7335: gcc -c -g -O2 -static-libgcc -static-libstdc++ -static -I/c/Libraries/db-4.8.30.NC/build_unix -I/c/Libraries/openssl-1.0.1l/include -I/c/Libraries/protobuf-2.6.1/src -I/c/Libraries/libpng-1.6.16 -I/c/Libraries/qrencode-3.4.4  conftest.c >&5
configure:7335: $? = 0
configure:7335: result: yes
configure:7335: checking for inttypes.h
configure:7335: gcc -c -g -O2 -static-libgcc -static-libstdc++ -static -I/c/Libraries/db-4.8.30.NC/build_unix -I/c/Libraries/openssl-1.0.1l/include -I/c/Libraries/protobuf-2.6.1/src -I/c/Libraries/libpng-1.6.16 -I/c/Libraries/qrencode-3.4.4  conftest.c >&5
configure:7335: $? = 0
configure:7335: result: yes
configure:7335: checking for stdint.h
configure:7335: gcc -c -g -O2 -static-libgcc -static-libstdc++ -static -I/c/Libraries/db-4.8.30.NC/build_unix -I/c/Libraries/openssl-1.0.1l/include -I/c/Libraries/protobuf-2.6.1/src -I/c/Libraries/libpng-1.6.16 -I/c/Libraries/qrencode-3.4.4  conftest.c >&5
configure:7335: $? = 0
configure:7335: result: yes
configure:7335: checking for unistd.h
configure:7335: gcc -c -g -O2 -static-libgcc -static-libstdc++ -static -I/c/Libraries/db-4.8.30.NC/build_unix -I/c/Libraries/openssl-1.0.1l/include -I/c/Libraries/protobuf-2.6.1/src -I/c/Libraries/libpng-1.6.16 -I/c/Libraries/qrencode-3.4.4  conftest.c >&5
configure:7335: $? = 0
configure:7335: result: yes
configure:7349: checking for dlfcn.h
configure:7349: gcc -c -g -O2 -static-libgcc -static-libstdc++ -static -I/c/Libraries/db-4.8.30.NC/build_unix -I/c/Libraries/openssl-1.0.1l/include -I/c/Libraries/protobuf-2.6.1/src -I/c/Libraries/libpng-1.6.16 -I/c/Libraries/qrencode-3.4.4  conftest.c >&5
conftest.c:55:19: fatal error: dlfcn.h: No such file or directory
 #include <dlfcn.h>
                   ^
compilation terminated.
configure:7349: $? = 1
configure: failed program was:
| /* confdefs.h */
| #define PACKAGE_NAME "libsecp256k1"
| #define PACKAGE_TARNAME "libsecp256k1"
| #define PACKAGE_VERSION "0.1"
| #define PACKAGE_STRING "libsecp256k1 0.1"
| #define PACKAGE_BUGREPORT ""
| #define PACKAGE_URL ""
| #define PACKAGE "libsecp256k1"
| #define VERSION "0.1"
| #define STDC_HEADERS 1
| #define HAVE_SYS_TYPES_H 1
| #define HAVE_SYS_STAT_H 1
| #define HAVE_STDLIB_H 1
| #define HAVE_STRING_H 1
| #define HAVE_MEMORY_H 1
| #define HAVE_STRINGS_H 1
| #define HAVE_INTTYPES_H 1
| #define HAVE_STDINT_H 1
| #define HAVE_UNISTD_H 1
| /* end confdefs.h.  */
| #include <stdio.h>
| #ifdef HAVE_SYS_TYPES_H
| # include <sys/types.h>
| #endif
| #ifdef HAVE_SYS_STAT_H
| # include <sys/stat.h>
| #endif
| #ifdef STDC_HEADERS
| # include <stdlib.h>
| # include <stddef.h>
| #else
| # ifdef HAVE_STDLIB_H
| #  include <stdlib.h>
| # endif
| #endif
| #ifdef HAVE_STRING_H
| # if !defined STDC_HEADERS && defined HAVE_MEMORY_H
| #  include <memory.h>
| # endif
| # include <string.h>
| #endif
| #ifdef HAVE_STRINGS_H
| # include <strings.h>
| #endif
| #ifdef HAVE_INTTYPES_H
| # include <inttypes.h>
| #endif
| #ifdef HAVE_STDINT_H
| # include <stdint.h>
| #endif
| #ifdef HAVE_UNISTD_H
| # include <unistd.h>
| #endif
| 
| #include <dlfcn.h>
configure:7349: result: no
configure:7536: checking for objdir
configure:7551: result: .libs
configure:7822: checking if gcc supports -fno-rtti -fno-exceptions
configure:7840: gcc -c -g -O2 -static-libgcc -static-libstdc++ -static -I/c/Libraries/db-4.8.30.NC/build_unix -I/c/Libraries/openssl-1.0.1l/include -I/c/Libraries/protobuf-2.6.1/src -I/c/Libraries/libpng-1.6.16 -I/c/Libraries/qrencode-3.4.4  -fno-rtti -fno-exceptions conftest.c >&5
cc1.exe: warning: command line option '-fno-rtti' is valid for C++/ObjC++ but not for C
configure:7844: $? = 0
configure:7857: result: no
configure:8167: checking for gcc option to produce PIC
configure:8174: result: -DDLL_EXPORT -DPIC
configure:8182: checking if gcc PIC flag -DDLL_EXPORT -DPIC works
configure:8200: gcc -c -g -O2 -static-libgcc -static-libstdc++ -static -I/c/Libraries/db-4.8.30.NC/build_unix -I/c/Libraries/openssl-1.0.1l/include -I/c/Libraries/protobuf-2.6.1/src -I/c/Libraries/libpng-1.6.16 -I/c/Libraries/qrencode-3.4.4  -DDLL_EXPORT -DPIC -DPIC conftest.c >&5
configure:8204: $? = 0
configure:8217: result: yes
configure:8246: checking if gcc static flag -static works
configure:8274: result: yes
configure:8289: checking if gcc supports -c -o file.o
configure:8310: gcc -c -g -O2 -static-libgcc -static-libstdc++ -static -I/c/Libraries/db-4.8.30.NC/build_unix -I/c/Libraries/openssl-1.0.1l/include -I/c/Libraries/protobuf-2.6.1/src -I/c/Libraries/libpng-1.6.16 -I/c/Libraries/qrencode-3.4.4  -o out/conftest2.o conftest.c >&5
configure:8314: $? = 0
configure:8336: result: yes
configure:8344: checking if gcc supports -c -o file.o
configure:8391: result: yes
configure:8424: checking whether the gcc linker (c:/MinGW32/i686-w64-mingw32/bin/ld.exe) supports shared libraries
configure:9582: result: yes
configure:9827: checking dynamic linker characteristics
configure:10569: result: Win32 ld.exe
configure:10676: checking how to hardcode library paths into programs
configure:10701: result: immediate
configure:11241: checking whether stripping libraries is possible
configure:11246: result: yes
configure:11281: checking if libtool supports shared libraries
configure:11283: result: yes
configure:11286: checking whether to build shared libraries
configure:11307: result: no
configure:11310: checking whether to build static libraries
configure:11314: result: yes
configure:11411: checking for ar
configure:11429: found /c/MinGW32/bin/ar
configure:11441: result: /c/MinGW32/bin/ar
configure:11509: checking for ranlib
configure:11527: found /c/MinGW32/bin/ranlib
configure:11539: result: /c/MinGW32/bin/ranlib
configure:11607: checking for strip
configure:11625: found /c/MinGW32/bin/strip
configure:11637: result: /c/MinGW32/bin/strip
configure:11660: checking for gcc option to accept ISO C99
configure:11809: gcc  -c -g -O2 -static-libgcc -static-libstdc++ -static -I/c/Libraries/db-4.8.30.NC/build_unix -I/c/Libraries/openssl-1.0.1l/include -I/c/Libraries/protobuf-2.6.1/src -I/c/Libraries/libpng-1.6.16 -I/c/Libraries/qrencode-3.4.4  conftest.c >&5
conftest.c:72:29: error: expected ';', ',' or ')' before 'text'
 test_restrict (ccp restrict text)
                             ^
conftest.c: In function 'main':
conftest.c:126:18: error: expected '=', ',', ';', 'asm' or '__attribute__' before 'newvar'
   char *restrict newvar = "Another string";
                  ^
conftest.c:126:18: error: 'newvar' undeclared (first use in this function)
conftest.c:126:18: note: each undeclared identifier is reported only once for each function it appears in
conftest.c:136:3: error: 'for' loop initial declarations are only allowed in C99 or C11 mode
   for (int i = 0; i < ia->datasize; ++i)
   ^
conftest.c:136:3: note: use option -std=c99, -std=gnu99, -std=c11 or -std=gnu11 to compile your code
configure:11809: $? = 1
configure: failed program was:
| /* confdefs.h */
| #define PACKAGE_NAME "libsecp256k1"
| #define PACKAGE_TARNAME "libsecp256k1"
| #define PACKAGE_VERSION "0.1"
| #define PACKAGE_STRING "libsecp256k1 0.1"
| #define PACKAGE_BUGREPORT ""
| #define PACKAGE_URL ""
| #define PACKAGE "libsecp256k1"
| #define VERSION "0.1"
| #define STDC_HEADERS 1
| #define HAVE_SYS_TYPES_H 1
| #define HAVE_SYS_STAT_H 1
| #define HAVE_STDLIB_H 1
| #define HAVE_STRING_H 1
| #define HAVE_MEMORY_H 1
| #define HAVE_STRINGS_H 1
| #define HAVE_INTTYPES_H 1
| #define HAVE_STDINT_H 1
| #define HAVE_UNISTD_H 1
| #define LT_OBJDIR ".libs/"
| /* end confdefs.h.  */
| #include <stdarg.h>
| #include <stdbool.h>
| #include <stdlib.h>
| #include <wchar.h>
| #include <stdio.h>
| 
| // Check varargs macros.  These examples are taken from C99 6.10.3.5.
| #define debug(...) fprintf (stderr, __VA_ARGS__)
| #define showlist(...) puts (#__VA_ARGS__)
| #define report(test,...) ((test) ? puts (#test) : printf (__VA_ARGS__))
| static void
| test_varargs_macros (void)
| {
|   int x = 1234;
|   int y = 5678;
|   debug ("Flag");
|   debug ("X = %d\n", x);
|   showlist (The first, second, and third items.);
|   report (x>y, "x is %d but y is %d", x, y);
| }
| 
| // Check long long types.
| #define BIG64 18446744073709551615ull
| #define BIG32 4294967295ul
| #define BIG_OK (BIG64 / BIG32 == 4294967297ull && BIG64 % BIG32 == 0)
| #if !BIG_OK
|   your preprocessor is broken;
| #endif
| #if BIG_OK
| #else
|   your preprocessor is broken;
| #endif
| static long long int bignum = -9223372036854775807LL;
| static unsigned long long int ubignum = BIG64;
| 
| struct incomplete_array
| {
|   int datasize;
|   double data[];
| };
| 
| struct named_init {
|   int number;
|   const wchar_t *name;
|   double average;
| };
| 
| typedef const char *ccp;
| 
| static inline int
| test_restrict (ccp restrict text)
| {
|   // See if C++-style comments work.
|   // Iterate through items via the restricted pointer.
|   // Also check for declarations in for loops.
|   for (unsigned int i = 0; *(text+i) != '\0'; ++i)
|     continue;
|   return 0;
| }
| 
| // Check varargs and va_copy.
| static void
| test_varargs (const char *format, ...)
| {
|   va_list args;
|   va_start (args, format);
|   va_list args_copy;
|   va_copy (args_copy, args);
| 
|   const char *str;
|   int number;
|   float fnumber;
| 
|   while (*format)
|     {
|       switch (*format++)
| 	{
| 	case 's': // string
| 	  str = va_arg (args_copy, const char *);
| 	  break;
| 	case 'd': // int
| 	  number = va_arg (args_copy, int);
| 	  break;
| 	case 'f': // float
| 	  fnumber = va_arg (args_copy, double);
| 	  break;
| 	default:
| 	  break;
| 	}
|     }
|   va_end (args_copy);
|   va_end (args);
| }
| 
| int
| main ()
| {
| 
|   // Check bool.
|   _Bool success = false;
| 
|   // Check restrict.
|   if (test_restrict ("String literal") == 0)
|     success = true;
|   char *restrict newvar = "Another string";
| 
|   // Check varargs.
|   test_varargs ("s, d' f .", "string", 65, 34.234);
|   test_varargs_macros ();
| 
|   // Check flexible array members.
|   struct incomplete_array *ia =
|     malloc (sizeof (struct incomplete_array) + (sizeof (double) * 10));
|   ia->datasize = 10;
|   for (int i = 0; i < ia->datasize; ++i)
|     ia->data[i] = i * 1.234;
| 
|   // Check named initializers.
|   struct named_init ni = {
|     .number = 34,
|     .name = L"Test wide string",
|     .average = 543.34343,
|   };
| 
|   ni.number = 58;
| 
|   int dynamic_array[ni.number];
|   dynamic_array[ni.number - 1] = 543;
| 
|   // work around unused variable warnings
|   return (!success || bignum == 0LL || ubignum == 0uLL || newvar[0] == 'x'
| 	  || dynamic_array[ni.number - 1] != 543);
| 
|   ;
|   return 0;
| }
configure:11809: gcc -std=gnu99 -c -g -O2 -static-libgcc -static-libstdc++ -static -I/c/Libraries/db-4.8.30.NC/build_unix -I/c/Libraries/openssl-1.0.1l/include -I/c/Libraries/protobuf-2.6.1/src -I/c/Libraries/libpng-1.6.16 -I/c/Libraries/qrencode-3.4.4  conftest.c >&5
configure:11809: $? = 0
configure:11829: result: -std=gnu99
configure:11960: checking if gcc -std=gnu99 supports -Wall -Wextra -Wcast-align -Wnested-externs -Wshadow -Wstrict-prototypes -Wno-unused-function
configure:11966: gcc -std=gnu99 -c -g -O2 -W -Wall -Wextra -Wcast-align -Wnested-externs -Wshadow -Wstrict-prototypes -Wno-unused-function -static-libgcc -static-libstdc++ -static -I/c/Libraries/db-4.8.30.NC/build_unix -I/c/Libraries/openssl-1.0.1l/include -I/c/Libraries/protobuf-2.6.1/src -I/c/Libraries/libpng-1.6.16 -I/c/Libraries/qrencode-3.4.4  conftest.c >&5
configure:11966: $? = 0
configure:11967: result: yes
configure:12029: checking for __int128
configure:12029: gcc -std=gnu99 -c -g -O2 -W -Wall -Wextra -Wcast-align -Wnested-externs -Wshadow -Wstrict-prototypes -Wno-unused-function -static-libgcc -static-libstdc++ -static -I/c/Libraries/db-4.8.30.NC/build_unix -I/c/Libraries/openssl-1.0.1l/include -I/c/Libraries/protobuf-2.6.1/src -I/c/Libraries/libpng-1.6.16 -I/c/Libraries/qrencode-3.4.4  conftest.c >&5
conftest.c:56:1: warning: function declaration isn't a prototype [-Wstrict-prototypes]
 main ()
 ^
conftest.c: In function 'main':
conftest.c:58:13: error: '__int128' is not supported for this target
 if (sizeof (__int128))
             ^
conftest.c:58:1: warning: type defaults to 'int' in type name
 if (sizeof (__int128))
 ^
configure:12029: $? = 1
configure: failed program was:
| /* confdefs.h */
| #define PACKAGE_NAME "libsecp256k1"
| #define PACKAGE_TARNAME "libsecp256k1"
| #define PACKAGE_VERSION "0.1"
| #define PACKAGE_STRING "libsecp256k1 0.1"
| #define PACKAGE_BUGREPORT ""
| #define PACKAGE_URL ""
| #define PACKAGE "libsecp256k1"
| #define VERSION "0.1"
| #define STDC_HEADERS 1
| #define HAVE_SYS_TYPES_H 1
| #define HAVE_SYS_STAT_H 1
| #define HAVE_STDLIB_H 1
| #define HAVE_STRING_H 1
| #define HAVE_MEMORY_H 1
| #define HAVE_STRINGS_H 1
| #define HAVE_INTTYPES_H 1
| #define HAVE_STDINT_H 1
| #define HAVE_UNISTD_H 1
| #define LT_OBJDIR ".libs/"
| /* end confdefs.h.  */
| #include <stdio.h>
| #ifdef HAVE_SYS_TYPES_H
| # include <sys/types.h>
| #endif
| #ifdef HAVE_SYS_STAT_H
| # include <sys/stat.h>
| #endif
| #ifdef STDC_HEADERS
| # include <stdlib.h>
| # include <stddef.h>
| #else
| # ifdef HAVE_STDLIB_H
| #  include <stdlib.h>
| # endif
| #endif
| #ifdef HAVE_STRING_H
| # if !defined STDC_HEADERS && defined HAVE_MEMORY_H
| #  include <memory.h>
| # endif
| # include <string.h>
| #endif
| #ifdef HAVE_STRINGS_H
| # include <strings.h>
| #endif
| #ifdef HAVE_INTTYPES_H
| # include <inttypes.h>
| #endif
| #ifdef HAVE_STDINT_H
| # include <stdint.h>
| #endif
| #ifdef HAVE_UNISTD_H
| # include <unistd.h>
| #endif
| int
| main ()
| {
| if (sizeof (__int128))
| 	 return 0;
|   ;
|   return 0;
| }
configure:12029: result: no
configure:12040: checking whether __builtin_expect is declared
configure:12040: gcc -std=gnu99 -c -g -O2 -W -Wall -Wextra -Wcast-align -Wnested-externs -Wshadow -Wstrict-prototypes -Wno-unused-function -static-libgcc -static-libstdc++ -static -I/c/Libraries/db-4.8.30.NC/build_unix -I/c/Libraries/openssl-1.0.1l/include -I/c/Libraries/protobuf-2.6.1/src -I/c/Libraries/libpng-1.6.16 -I/c/Libraries/qrencode-3.4.4  conftest.c >&5
conftest.c:56:1: warning: function declaration isn't a prototype [-Wstrict-prototypes]
 main ()
 ^
configure:12040: $? = 0
configure:12040: result: yes
configure:12620: Using field implementation: 32bit
configure:12622: Using bignum implementation: none
configure:12624: Using scalar implementation: 32bit
configure:12807: creating ./config.status

## ---------------------- ##
## Running config.status. ##
## ---------------------- ##

This file was extended by libsecp256k1 config.status 0.1, which was
generated by GNU Autoconf 2.68.  Invocation command line was

  CONFIG_FILES    = 
  CONFIG_HEADERS  = 
  CONFIG_LINKS    = 
  CONFIG_COMMANDS = 
  $ ./config.status 

on buildhost0

config.status:1124: creating Makefile
config.status:1124: creating libsecp256k1.pc
config.status:1124: creating src/libsecp256k1-config.h
config.status:1305: src/libsecp256k1-config.h is unchanged
config.status:1353: executing depfiles commands
config.status:1353: executing libtool commands

## ---------------- ##
## Cache variables. ##
## ---------------- ##

ac_cv_build=i686-pc-mingw32
ac_cv_c_compiler_gnu=yes
ac_cv_env_CC_set=
ac_cv_env_CC_value=
ac_cv_env_CFLAGS_set=
ac_cv_env_CFLAGS_value=
ac_cv_env_CPPFLAGS_set=set
ac_cv_env_CPPFLAGS_value='-static-libgcc -static-libstdc++ -static -I/c/Libraries/db-4.8.30.NC/build_unix -I/c/Libraries/openssl-1.0.1l/include -I/c/Libraries/protobuf-2.6.1/src -I/c/Libraries/libpng-1.6.16 -I/c/Libraries/qrencode-3.4.4 '
ac_cv_env_CPP_set=
ac_cv_env_CPP_value=
ac_cv_env_LDFLAGS_set=set
ac_cv_env_LDFLAGS_value='-Wl,-Bstatic -L/c/Libraries/db-4.8.30.NC/build_unix -L/c/Libraries/openssl-1.0.1l -L/c/Libraries/miniupnpc -L/c/Libraries/protobuf-2.6.1/src/.libs -L/c/Libraries/libpng-1.6.16/.libs -L/c/Libraries/qrencode-3.4.4/.libs'
ac_cv_env_LIBS_set=
ac_cv_env_LIBS_value=
ac_cv_env_build_alias_set=
ac_cv_env_build_alias_value=
ac_cv_env_host_alias_set=
ac_cv_env_host_alias_value=
ac_cv_env_target_alias_set=
ac_cv_env_target_alias_value=
ac_cv_exeext=.exe
ac_cv_have_decl___builtin_expect=yes
ac_cv_header_dlfcn_h=no
ac_cv_header_inttypes_h=yes
ac_cv_header_memory_h=yes
ac_cv_header_stdc=yes
ac_cv_header_stdint_h=yes
ac_cv_header_stdlib_h=yes
ac_cv_header_string_h=yes
ac_cv_header_strings_h=yes
ac_cv_header_sys_stat_h=yes
ac_cv_header_sys_types_h=yes
ac_cv_header_unistd_h=yes
ac_cv_host=i686-pc-mingw32
ac_cv_objext=o
ac_cv_path_EGREP='/bin/grep -E'
ac_cv_path_FGREP='/bin/grep -F'
ac_cv_path_GREP=/bin/grep
ac_cv_path_SED=/bin/sed
ac_cv_path_ac_pt_AR=/c/MinGW32/bin/ar
ac_cv_path_ac_pt_RANLIB=/c/MinGW32/bin/ranlib
ac_cv_path_ac_pt_STRIP=/c/MinGW32/bin/strip
ac_cv_path_install='/bin/install -c'
ac_cv_path_mkdir=/bin/mkdir
ac_cv_prog_AWK=gawk
ac_cv_prog_CPP='gcc -E'
ac_cv_prog_ac_ct_AR=ar
ac_cv_prog_ac_ct_CC=gcc
ac_cv_prog_ac_ct_DLLTOOL=dlltool
ac_cv_prog_ac_ct_OBJDUMP=objdump
ac_cv_prog_ac_ct_RANLIB=ranlib
ac_cv_prog_ac_ct_STRIP=strip
ac_cv_prog_cc_c89=
ac_cv_prog_cc_c99=-std=gnu99
ac_cv_prog_cc_g=yes
ac_cv_prog_make_make_set=yes
ac_cv_type___int128=no
am_cv_CC_dependencies_compiler_type=gcc3
lt_cv_ar_at_file=@
lt_cv_deplibs_check_method='file_magic file format (pei*-i386(.*architecture: i386)?|pe-arm-wince|pe-x86-64)'
lt_cv_file_magic_cmd='$OBJDUMP -f'
lt_cv_file_magic_test_file=
lt_cv_ld_reload_flag=-r
lt_cv_nm_interface='BSD nm'
lt_cv_objdir=.libs
lt_cv_path_LD=c:/MinGW32/i686-w64-mingw32/bin/ld.exe
lt_cv_path_NM=/c/MinGW32/bin/nm
lt_cv_path_mainfest_tool=no
lt_cv_prog_compiler_c_o=yes
lt_cv_prog_compiler_pic='-DDLL_EXPORT -DPIC'
lt_cv_prog_compiler_pic_works=yes
lt_cv_prog_compiler_rtti_exceptions=no
lt_cv_prog_compiler_static_works=yes
lt_cv_prog_gnu_ld=yes
lt_cv_sharedlib_from_linklib_cmd=func_cygming_dll_for_implib
lt_cv_sys_global_symbol_pipe='sed -n -e '\''s/^.*[	 ]\([ABCDGIRSTW][ABCDGIRSTW]*\)[	 ][	 ]*_\([_A-Za-z][_A-Za-z0-9]*\)\{0,1\}$/\1 _\2 \2/p'\'' | sed '\''/ __gnu_lto/d'\'''
lt_cv_sys_global_symbol_to_c_name_address='sed -n -e '\''s/^: \([^ ]*\)[ ]*$/  {\"\1\", (void *) 0},/p'\'' -e '\''s/^[ABCDGIRSTW]* \([^ ]*\) \([^ ]*\)$/  {"\2", (void *) \&\2},/p'\'''
lt_cv_sys_global_symbol_to_c_name_address_lib_prefix='sed -n -e '\''s/^: \([^ ]*\)[ ]*$/  {\"\1\", (void *) 0},/p'\'' -e '\''s/^[ABCDGIRSTW]* \([^ ]*\) \(lib[^ ]*\)$/  {"\2", (void *) \&\2},/p'\'' -e '\''s/^[ABCDGIRSTW]* \([^ ]*\) \([^ ]*\)$/  {"lib\2", (void *) \&\2},/p'\'''
lt_cv_sys_global_symbol_to_cdecl='sed -n -e '\''s/^T .* \(.*\)$/extern int \1();/p'\'' -e '\''s/^[ABCDGIRSTW]* .* \(.*\)$/extern char \1;/p'\'''
lt_cv_sys_max_cmd_len=8192
lt_cv_to_host_file_cmd=func_convert_file_msys_to_w32
lt_cv_to_tool_file_cmd=func_convert_file_msys_to_w32

## ----------------- ##
## Output variables. ##
## ----------------- ##

ACLOCAL='${SHELL} /c/Users/barrystyle/Desktop/mooncoin-0.10/src/secp256k1/build-aux/missing --run aclocal-1.11'
AMDEPBACKSLASH='\'
AMDEP_FALSE='#'
AMDEP_TRUE=''
AMTAR='${SHELL} /c/Users/barrystyle/Desktop/mooncoin-0.10/src/secp256k1/build-aux/missing --run tar'
AM_BACKSLASH='\'
AM_DEFAULT_VERBOSITY='0'
AR='/c/MinGW32/bin/ar'
AUTOCONF='${SHELL} /c/Users/barrystyle/Desktop/mooncoin-0.10/src/secp256k1/build-aux/missing --run autoconf'
AUTOHEADER='${SHELL} /c/Users/barrystyle/Desktop/mooncoin-0.10/src/secp256k1/build-aux/missing --run autoheader'
AUTOMAKE='${SHELL} /c/Users/barrystyle/Desktop/mooncoin-0.10/src/secp256k1/build-aux/missing --run automake-1.11'
AWK='gawk'
BREW=''
CC='gcc -std=gnu99'
CCDEPMODE='depmode=gcc3'
CFLAGS='-g -O2 -W -Wall -Wextra -Wcast-align -Wnested-externs -Wshadow -Wstrict-prototypes -Wno-unused-function'
CPP='gcc -E'
CPPFLAGS='-static-libgcc -static-libstdc++ -static -I/c/Libraries/db-4.8.30.NC/build_unix -I/c/Libraries/openssl-1.0.1l/include -I/c/Libraries/protobuf-2.6.1/src -I/c/Libraries/libpng-1.6.16 -I/c/Libraries/qrencode-3.4.4 '
CYGPATH_W='echo'
DEFS='-DHAVE_CONFIG_H'
DEPDIR='.deps'
DLLTOOL='dlltool'
DSYMUTIL=''
DUMPBIN=''
ECHO_C=''
ECHO_N='-n'
ECHO_T=''
EGREP='/bin/grep -E'
EXEEXT='.exe'
FGREP='/bin/grep -F'
GREP='/bin/grep'
INSTALL_DATA='${INSTALL} -m 644'
INSTALL_PROGRAM='${INSTALL}'
INSTALL_SCRIPT='${INSTALL}'
INSTALL_STRIP_PROGRAM='$(install_sh) -c -s'
LD='c:/MinGW32/i686-w64-mingw32/bin/ld.exe'
LDFLAGS='-Wl,-Bstatic -L/c/Libraries/db-4.8.30.NC/build_unix -L/c/Libraries/openssl-1.0.1l -L/c/Libraries/miniupnpc -L/c/Libraries/protobuf-2.6.1/src/.libs -L/c/Libraries/libpng-1.6.16/.libs -L/c/Libraries/qrencode-3.4.4/.libs'
LIBOBJS=''
LIBS=''
LIBTOOL='$(SHELL) $(top_builddir)/libtool'
LIPO=''
LN_S='cp -p'
LTLIBOBJS=''
MAKEINFO='${SHELL} /c/Users/barrystyle/Desktop/mooncoin-0.10/src/secp256k1/build-aux/missing --run makeinfo'
MANIFEST_TOOL=':'
MKDIR_P='/bin/mkdir -p'
NM='/c/MinGW32/bin/nm'
NMEDIT=''
OBJDUMP='objdump'
OBJEXT='o'
OTOOL64=''
OTOOL=''
PACKAGE='libsecp256k1'
PACKAGE_BUGREPORT=''
PACKAGE_NAME='libsecp256k1'
PACKAGE_STRING='libsecp256k1 0.1'
PACKAGE_TARNAME='libsecp256k1'
PACKAGE_URL=''
PACKAGE_VERSION='0.1'
PATH_SEPARATOR=':'
PORT=''
RANLIB='/c/MinGW32/bin/ranlib'
SECP_INCLUDES=''
SECP_LIBS=''
SECP_TEST_INCLUDES=''
SECP_TEST_LIBS=''
SED='/bin/sed'
SET_MAKE=''
SHELL='/bin/sh'
STRIP='/c/MinGW32/bin/strip'
USE_ASM_FALSE=''
USE_ASM_TRUE='#'
USE_BENCHMARK_FALSE='#'
USE_BENCHMARK_TRUE=''
USE_TESTS_FALSE=''
USE_TESTS_TRUE='#'
VERSION='0.1'
YASM=''
YASM_BINFMT=''
ac_ct_AR='ar'
ac_ct_CC='gcc'
ac_ct_DUMPBIN=''
am__EXEEXT_FALSE='#'
am__EXEEXT_TRUE=''
am__fastdepCC_FALSE='#'
am__fastdepCC_TRUE=''
am__include='include'
am__isrc=''
am__leading_dot='.'
am__quote=''
am__tar='${AMTAR} chof - "$$tardir"'
am__untar='${AMTAR} xf -'
bindir='${exec_prefix}/bin'
build='i686-pc-mingw32'
build_alias=''
build_cpu='i686'
build_os='mingw32'
build_vendor='pc'
datadir='${datarootdir}'
datarootdir='${prefix}/share'
docdir='${datarootdir}/doc/${PACKAGE_TARNAME}'
dvidir='${docdir}'
exec_prefix='${prefix}'
host='i686-pc-mingw32'
host_alias=''
host_cpu='i686'
host_os='mingw32'
host_vendor='pc'
htmldir='${docdir}'
includedir='${prefix}/include'
infodir='${datarootdir}/info'
install_sh='${SHELL} /c/Users/barrystyle/Desktop/mooncoin-0.10/src/secp256k1/build-aux/install-sh'
libdir='${exec_prefix}/lib'
libexecdir='${exec_prefix}/libexec'
localedir='${datarootdir}/locale'
localstatedir='${prefix}/var'
mandir='${datarootdir}/man'
mkdir_p='/bin/mkdir -p'
oldincludedir='/usr/include'
pdfdir='${docdir}'
prefix='/usr/local'
program_transform_name='s,x,x,'
psdir='${docdir}'
sbindir='${exec_prefix}/sbin'
sharedstatedir='${prefix}/com'
sysconfdir='${prefix}/etc'
target_alias=''

## ----------- ##
## confdefs.h. ##
## ----------- ##

/* confdefs.h */
#define PACKAGE_NAME "libsecp256k1"
#define PACKAGE_TARNAME "libsecp256k1"
#define PACKAGE_VERSION "0.1"
#define PACKAGE_STRING "libsecp256k1 0.1"
#define PACKAGE_BUGREPORT ""
#define PACKAGE_URL ""
#define PACKAGE "libsecp256k1"
#define VERSION "0.1"
#define STDC_HEADERS 1
#define HAVE_SYS_TYPES_H 1
#define HAVE_SYS_STAT_H 1
#define HAVE_STDLIB_H 1
#define HAVE_STRING_H 1
#define HAVE_MEMORY_H 1
#define HAVE_STRINGS_H 1
#define HAVE_INTTYPES_H 1
#define HAVE_STDINT_H 1
#define HAVE_UNISTD_H 1
#define LT_OBJDIR ".libs/"
#define HAVE_BUILTIN_EXPECT 1
#define USE_FIELD_10X26 1
#define USE_NUM_NONE 1
#define USE_FIELD_INV_BUILTIN 1
#define USE_SCALAR_INV_BUILTIN 1
#define USE_SCALAR_8X32 1

configure: exit 0
